[<unknown source>] - Graphics hardware capabilities:
[<unknown source>]    + Hardware Vertex Processing
[<unknown source>]    + Multisamples = 4
[<unknown source>]    + Device created at full resolution and multisampling capabilities
[<unknown source>] Initializing modelviewer...
[<unknown source>]    + Initializing sound...
[<unknown source>] Trying to load actor 'Test.lma' from file 'E:\Work\Project\Myway\bin\Core\Actor\Test.lma'...
[<unknown source>] - Trying to load actor 'Test.lma'...
[<unknown source>] SoftSkinManager : SSE detected = Yes
[<unknown source>] Actor LOD Levels = 1
[<unknown source>] Loaded texture left_leg_LR_color_shaded.jpg
[<unknown source>] Loaded texture torso_LR_2.jpg
[<unknown source>] Loaded texture boob tube_LR_color_alt.jpg
[<unknown source>] Loaded texture forearm_and_wrist_wrap_LR color.jpg
[<unknown source>] Loaded texture upper arm_LR color.jpg
[<unknown source>] Loaded texture upper arm_LR color.jpg
[<unknown source>] Loaded texture upper arm_LR color.jpg
[<unknown source>] Loaded texture glove_LR color.jpg
[<unknown source>] Loaded texture forearm_and_wrist_wrap_LR color.jpg
[<unknown source>] Loaded texture shin_plate_LR_color.jpg
[<unknown source>] Loaded texture knee_sleeve_LR_color.jpg
[<unknown source>] Loaded texture knee_sleeve_LR_color.jpg
[<unknown source>] Loaded texture lower knee plate_LR_color.jpg
[<unknown source>] Loaded texture shin_plate_LR_color.jpg
[<unknown source>] Loaded texture Boot_M_color.jpg
[<unknown source>] Loaded texture Boot_M_color.jpg
[<unknown source>] Loaded texture Boot_M_color.jpg
[<unknown source>] Loaded texture Boot_M_color.jpg
[<unknown source>] Loaded texture Boot_M_color.jpg
[<unknown source>] Loaded texture Boot_M_color.jpg
[<unknown source>] Loaded texture Boot_M_color.jpg
[<unknown source>] Loaded texture Head_color_LR.jpg
[<unknown source>] Loaded texture inside of mouth color.jpg
[<unknown source>] Loaded texture eyeball color brown_M.jpg
[<unknown source>] Loaded texture eyeball color brown_M.jpg
[<unknown source>] Loaded texture hair 5 color.jpg
[<unknown source>] Loaded texture hair 4 color.jpg
[<unknown source>] Loaded texture hair 5 color.jpg
[<unknown source>] Loaded texture hair 5 color.jpg
[<unknown source>] Loaded texture hair 5 color.jpg
[<unknown source>] Loaded texture hair 5 color.jpg
[<unknown source>] Loaded texture hair 5 color.jpg
[<unknown source>] Loaded texture hair 5 color.jpg
[<unknown source>] Loaded texture hair 5 color.jpg
[<unknown source>] Loaded texture hair 5 color.jpg
[<unknown source>] Loaded texture hair 5 color.jpg
[<unknown source>] *** Failed to load texture headcolor256.jpg/bmp/tga/png
[<unknown source>] *** Failed to load texture headcolor256.jpg/bmp/tga/png
[<unknown source>] Loaded texture Lower Lash.jpg
[<unknown source>] Loaded texture Lower Lash.jpg
[<unknown source>] Loaded texture Upper Lash.jpg
[<unknown source>] Loaded texture Upper Lash.jpg
[<unknown source>] Loaded texture neck band_M color.jpg
[<unknown source>] Loaded texture gear cover plate_M color.jpg
[<unknown source>] Loaded texture inner gear_M color.jpg
[<unknown source>] Loaded texture inner gear_M 2 color.jpg
[<unknown source>] Loaded texture kneecap_LR_color.jpg
[<unknown source>] Loaded texture gear cover plate_M color.jpg
[<unknown source>] Loaded texture inner gear_M color.jpg
[<unknown source>] Loaded texture inner gear_M 2 color.jpg
[<unknown source>] Loaded texture kneecap_LR_color.jpg
[<unknown source>] Loaded texture Boot_M_color.jpg
[<unknown source>] Loaded texture Boot_M_color.jpg
[<unknown source>] Loaded texture Boot_M_color.jpg
[<unknown source>] Loaded texture Boot_M_color.jpg
[<unknown source>] Loaded texture Boot_M_color.jpg
[<unknown source>] Loaded texture Boot_M_color.jpg
[<unknown source>] Loaded texture Boot_M_color.jpg
[<unknown source>] Closing modelviewer...
[<unknown source>] *** Shutting down D3D ***
